<?xml version="1.0" encoding="utf-8" standalone="no"?>
<test-results xmlns:xsi="http://www.w3.org/2001/XMLSchema-instance" xsi:noNamespaceSchemaLocation="nunit_schema_2.5.xsd" name="Pester" total="8" errors="0" failures="0" not-run="0" inconclusive="0" ignored="0" skipped="0" invalid="0" date="2014-11-20" time="14:11:24">
  <environment user="Yannis" machine-name="WM-WBRN-YAG2" cwd="D:\sources\bob\bob-muck" user-domain="WM-WBRN-YAG2" platform="Microsoft Windows 8.1 Pro|C:\Windows|\Device\Harddisk0\Partition3" nunit-version="2.5.8.0" os-version="6.3.9600" clr-version="4.0.30319.0" />
  <culture-info current-culture="de-CH" current-uiculture="en-US" />
  <test-suite type="Powershell" name="D:\sources\bob\bob-muck\src" executed="True" result="Success" success="True" time="0.6976" asserts="0">
    <results>
      <test-suite type="PowerShell" name="Remove-WrongEnvironmentConfigs" executed="True" result="Success" success="True" time="0.6976" asserts="0">
        <results>
          <test-case name="Should have deleted delivery" executed="True" time="0.3553" asserts="0" success="True" result="Success" />
          <test-case name="Should not have deleted author" executed="True" time="0.0147" asserts="0" success="True" result="Success" />
          <test-case name="Should have deleted local" executed="True" time="0.0819" asserts="0" success="True" result="Success" />
          <test-case name="Should not have deleted int" executed="True" time="0.0066" asserts="0" success="True" result="Success" />
          <test-case name="Should not have deleted base" executed="True" time="0.0788" asserts="0" success="True" result="Success" />
          <test-case name="Should not have deleted hardening" executed="True" time="0.0134" asserts="0" success="True" result="Success" />
          <test-case name="Should not have deleted folders" executed="True" time="0.1357" asserts="0" success="True" result="Success" />
          <test-case name="Should have deleted folders " executed="True" time="0.0111" asserts="0" success="True" result="Success" />
        </results>
      </test-suite>
    </results>
  </test-suite>
</test-results>